<?xml version="1.0" encoding="UTF-8"?>
<testsuite name="statesAndCapitals.StatesAndCapitalsTest" tests="1" skipped="0" failures="0" errors="0" timestamp="2022-04-19T23:16:09" hostname="aseel-HP-250-G7-Notebook-PC" time="0.151">
  <properties/>
  <testcase name="Test_states_and_capitals()" classname="statesAndCapitals.StatesAndCapitalsTest" time="0.151"/>
  <system-out><![CDATA[================================================================================================
{New York-5344=[Connecticut-2379, Massachusetts-3489, New Jersey-1803, Pennsylvania-3213, Rhode Island-812, Vermont-4395], Mississippi-807=[Alabama-2413, 2147483647, Louisiana-535, Tennessee-6643], Kentucky-4145=[Illinois-1235, Indiana-1257, Missouri-1773, Ohio-1549, Tennessee-6643, Virginia-5729, West Virginia-4863], Oklahoma-4975=[Arkansas-2753, Colorado-14440, Kansas-4041, Missouri-1773, New Mexico-13161, Texas-8751], Maine-5270=[New Hampshire-6288], North Dakota-3606=[Minnesota-2301, Montana-12807, South Dakota-7244], Rhode Island-812=[Connecticut-2379, Massachusetts-3489, New York-5344], Florida-345=[Alabama-2413, Georgia-4784], Nebraska-5424=[Colorado-14440, Iowa-1671, Kansas-4041, Missouri-1773, South Dakota-7244, Wyoming-13809], Washington-14411=[Idaho-12662, Oregon-11249], Illinois-1235=[Indiana-1257, Iowa-1671, Michigan-1979, Kentucky-4145, Missouri-1773, Wisconsin-1951], Arkansas-2753=[Louisiana-535, Mississippi-807, Missouri-1773, Oklahoma-4975, Tennessee-6643, Texas-8751], California-14505=[Arizona-12637, Nevada-13147, Oregon-11249], Texas-8751=[Arkansas-2753, Louisiana-535, New Mexico-13161, Oklahoma-4975], Colorado-14440=[Arizona-12637, Kansas-4041, Nebraska-5424, New Mexico-13161, Oklahoma-4975, Utah-13534, Wyoming-13809], Georgia-4784=[Alabama-2413, Florida-345, North Carolina-6684, South Carolina-3560, Tennessee-6643], Iowa-1671=[Illinois-1235, Minnesota-2301, Missouri-1773, Nebraska-5424, South Dakota-7244, Wisconsin-1951], Wyoming-13809=[Colorado-14440, Idaho-12662, Montana-12807, Nebraska-5424, South Dakota-7244, Utah-13534], Alabama-2413=[Florida-345, Georgia-4784, Mississippi-807, Tennessee-6643], Vermont-4395=[Massachusetts-3489, New Hampshire-6288, New York-5344], Pennsylvania-3213=[Delaware-447, Maryland-3360, New Jersey-1803, New York-5344, Ohio-1549, West Virginia-4863], Alaska-20310=[], Louisiana-535=[Arkansas-2753, Mississippi-807, Texas-8751], Maryland-3360=[Delaware-447, Pennsylvania-3213, Virginia-5729, West Virginia-4863], Oregon-11249=[California-14505, Idaho-12662, Nevada-13147, Washington-14411], Idaho-12662=[Montana-12807, Nevada-13147, Oregon-11249, Utah-13534, Washington-14411, Wyoming-13809], Montana-12807=[Idaho-12662, North Dakota-3606, South Dakota-7244, Wyoming-13809], Arizona-12637=[California-14505, Colorado-14440, Nevada-13147, New Mexico-13161, Utah-13534], Tennessee-6643=[Alabama-2413, Arkansas-2753, Georgia-4784, Kentucky-4145, Mississippi-807, Missouri-1773, North Carolina-6684, Virginia-5729], Missouri-1773=[Arkansas-2753, Illinois-1235, Iowa-1671, Kansas-4041, Kentucky-4145, Nebraska-5424, Oklahoma-4975, Tennessee-6643], Wisconsin-1951=[Illinois-1235, Iowa-1671, Michigan-1979, Minnesota-2301], New Mexico-13161=[Arizona-12637, Colorado-14440, Oklahoma-4975, Texas-8751, Utah-13534], Delaware-447=[Maryland-3360, New Jersey-1803, Pennsylvania-3213], Ohio-1549=[Indiana-1257, Kentucky-4145, Michigan-1979, Pennsylvania-3213, West Virginia-4863], West Virginia-4863=[Kentucky-4145, Maryland-3360, Ohio-1549, Pennsylvania-3213, Virginia-5729], Utah-13534=[Arizona-12637, Colorado-14440, Idaho-12662, Nevada-13147, New Mexico-13161, Wyoming-13809], South Dakota-7244=[Iowa-1671, Minnesota-2301, Montana-12807, Nebraska-5424, North Dakota-3606, Wyoming-13809], Indiana-1257=[Illinois-1235, Kentucky-4145, Michigan-1979, Ohio-1549], Hawaii-13796=[], New Jersey-1803=[Delaware-447, New York-5344, Pennsylvania-3213], South Carolina-3560=[Georgia-4784, North Carolina-6684], Minnesota-2301=[Iowa-1671, Michigan-1979, North Dakota-3606, South Dakota-7244, Wisconsin-1951], North Carolina-6684=[Georgia-4784, South Carolina-3560, Tennessee-6643, Virginia-5729], Nevada-13147=[Arizona-12637, California-14505, Idaho-12662, Oregon-11249, Utah-13534], Virginia-5729=[Kentucky-4145, Maryland-3360, North Carolina-6684, Tennessee-6643, West Virginia-4863], Michigan-1979=[Illinois-1235, Indiana-1257, Minnesota-2301, Ohio-1549, Wisconsin-1951], Massachusetts-3489=[Connecticut-2379, New Hampshire-6288, New York-5344, Rhode Island-812, Vermont-4395], Kansas-4041=[Colorado-14440, Missouri-1773, Nebraska-5424, Oklahoma-4975], Connecticut-2379=[Massachusetts-3489, New York-5344, Rhode Island-812], New Hampshire-6288=[Maine-5270, Massachusetts-3489, Vermont-4395]}
================================================================================================
{B1=true, B2=true, B3=true, B4=true, B5=true, I1=true, I2=true, I3=true, I4=true, I5=true, A11=true, A12=true, A13=true, A14=true, A21=true, A22=true, A23=true, A24=true, A25=true, A31=true, A32=true, A33=true, A41=true, A42=true, A43=true, E1=true, E2=true, E3=false, E4=false, E5=false}
]]></system-out>
  <system-err><![CDATA[]]></system-err>
</testsuite>
